<?xml version="1.0" encoding="UTF-8"?>
<testng-results skipped="0" failed="0" ignored="0" total="0" passed="0">
  <reporter-output>
  </reporter-output>
  <suite name="SharePriceCenter.TestHelloworld" duration-ms="12" started-at="2021-08-02T12:26:46 BST" finished-at="2021-08-02T12:26:46 BST">
    <groups>
    </groups>
    <test name="Command line test" duration-ms="12" started-at="2021-08-02T12:26:46 BST" finished-at="2021-08-02T12:26:46 BST">
    </test> <!-- Command line test -->
  </suite> <!-- SharePriceCenter.TestHelloworld -->
</testng-results>
